<?xml version="1.0" encoding="UTF-8"?>
<testsuite xmlns:xsi="http://www.w3.org/2001/XMLSchema-instance" xsi:noNamespaceSchemaLocation="https://maven.apache.org/surefire/maven-surefire-plugin/xsd/surefire-test-report-3.0.xsd" version="3.0" name="tests.DB.DbTest" time="15.532" tests="1" errors="0" skipped="0" failures="0">
  <properties>
    <property name="java.specification.version" value="16"/>
    <property name="sun.jnu.encoding" value="UTF-8"/>
    <property name="java.class.path" value="/Users/hail/Documents/StatysTech/AQA_FRAMEWORK/target/test-classes:/Users/hail/Documents/StatysTech/AQA_FRAMEWORK/target/classes:/Users/hail/.m2/repository/software/amazon/awssdk/ec2/2.16.28/ec2-2.16.28.jar:/Users/hail/.m2/repository/software/amazon/awssdk/aws-query-protocol/2.16.28/aws-query-protocol-2.16.28.jar:/Users/hail/.m2/repository/software/amazon/awssdk/protocol-core/2.16.28/protocol-core-2.16.28.jar:/Users/hail/.m2/repository/software/amazon/awssdk/sdk-core/2.16.28/sdk-core-2.16.28.jar:/Users/hail/.m2/repository/org/reactivestreams/reactive-streams/1.0.2/reactive-streams-1.0.2.jar:/Users/hail/.m2/repository/software/amazon/awssdk/auth/2.16.28/auth-2.16.28.jar:/Users/hail/.m2/repository/software/amazon/eventstream/eventstream/1.0.1/eventstream-1.0.1.jar:/Users/hail/.m2/repository/software/amazon/awssdk/http-client-spi/2.16.28/http-client-spi-2.16.28.jar:/Users/hail/.m2/repository/software/amazon/awssdk/regions/2.16.28/regions-2.16.28.jar:/Users/hail/.m2/repository/software/amazon/awssdk/annotations/2.16.28/annotations-2.16.28.jar:/Users/hail/.m2/repository/software/amazon/awssdk/utils/2.16.28/utils-2.16.28.jar:/Users/hail/.m2/repository/software/amazon/awssdk/aws-core/2.16.28/aws-core-2.16.28.jar:/Users/hail/.m2/repository/software/amazon/awssdk/metrics-spi/2.16.28/metrics-spi-2.16.28.jar:/Users/hail/.m2/repository/software/amazon/awssdk/apache-client/2.16.28/apache-client-2.16.28.jar:/Users/hail/.m2/repository/org/apache/httpcomponents/httpcore/4.4.11/httpcore-4.4.11.jar:/Users/hail/.m2/repository/software/amazon/awssdk/netty-nio-client/2.16.28/netty-nio-client-2.16.28.jar:/Users/hail/.m2/repository/io/netty/netty-codec-http/4.1.60.Final/netty-codec-http-4.1.60.Final.jar:/Users/hail/.m2/repository/io/netty/netty-codec-http2/4.1.60.Final/netty-codec-http2-4.1.60.Final.jar:/Users/hail/.m2/repository/io/netty/netty-codec/4.1.60.Final/netty-codec-4.1.60.Final.jar:/Users/hail/.m2/repository/io/netty/netty-transport/4.1.60.Final/netty-transport-4.1.60.Final.jar:/Users/hail/.m2/repository/io/netty/netty-resolver/4.1.60.Final/netty-resolver-4.1.60.Final.jar:/Users/hail/.m2/repository/io/netty/netty-common/4.1.60.Final/netty-common-4.1.60.Final.jar:/Users/hail/.m2/repository/io/netty/netty-buffer/4.1.60.Final/netty-buffer-4.1.60.Final.jar:/Users/hail/.m2/repository/io/netty/netty-handler/4.1.60.Final/netty-handler-4.1.60.Final.jar:/Users/hail/.m2/repository/io/netty/netty-transport-native-epoll/4.1.60.Final/netty-transport-native-epoll-4.1.60.Final-linux-x86_64.jar:/Users/hail/.m2/repository/io/netty/netty-transport-native-unix-common/4.1.60.Final/netty-transport-native-unix-common-4.1.60.Final.jar:/Users/hail/.m2/repository/com/typesafe/netty/netty-reactive-streams-http/2.0.4/netty-reactive-streams-http-2.0.4.jar:/Users/hail/.m2/repository/com/typesafe/netty/netty-reactive-streams/2.0.4/netty-reactive-streams-2.0.4.jar:/Users/hail/.m2/repository/software/amazon/awssdk/s3/2.16.28/s3-2.16.28.jar:/Users/hail/.m2/repository/software/amazon/awssdk/aws-xml-protocol/2.16.28/aws-xml-protocol-2.16.28.jar:/Users/hail/.m2/repository/software/amazon/awssdk/arns/2.16.28/arns-2.16.28.jar:/Users/hail/.m2/repository/software/amazon/awssdk/profiles/2.16.28/profiles-2.16.28.jar:/Users/hail/.m2/repository/io/rest-assured/rest-assured/4.3.3/rest-assured-4.3.3.jar:/Users/hail/.m2/repository/org/codehaus/groovy/groovy/3.0.7/groovy-3.0.7.jar:/Users/hail/.m2/repository/org/codehaus/groovy/groovy-xml/3.0.7/groovy-xml-3.0.7.jar:/Users/hail/.m2/repository/org/apache/httpcomponents/httpclient/4.5.3/httpclient-4.5.3.jar:/Users/hail/.m2/repository/commons-logging/commons-logging/1.2/commons-logging-1.2.jar:/Users/hail/.m2/repository/commons-codec/commons-codec/1.9/commons-codec-1.9.jar:/Users/hail/.m2/repository/org/apache/httpcomponents/httpmime/4.5.3/httpmime-4.5.3.jar:/Users/hail/.m2/repository/org/hamcrest/hamcrest/2.1/hamcrest-2.1.jar:/Users/hail/.m2/repository/org/ccil/cowan/tagsoup/tagsoup/1.2.1/tagsoup-1.2.1.jar:/Users/hail/.m2/repository/io/rest-assured/json-path/4.3.3/json-path-4.3.3.jar:/Users/hail/.m2/repository/org/codehaus/groovy/groovy-json/3.0.7/groovy-json-3.0.7.jar:/Users/hail/.m2/repository/io/rest-assured/rest-assured-common/4.3.3/rest-assured-common-4.3.3.jar:/Users/hail/.m2/repository/io/rest-assured/xml-path/4.3.3/xml-path-4.3.3.jar:/Users/hail/.m2/repository/org/apache/commons/commons-lang3/3.11/commons-lang3-3.11.jar:/Users/hail/.m2/repository/jakarta/xml/bind/jakarta.xml.bind-api/2.3.3/jakarta.xml.bind-api-2.3.3.jar:/Users/hail/.m2/repository/jakarta/activation/jakarta.activation-api/1.2.2/jakarta.activation-api-1.2.2.jar:/Users/hail/.m2/repository/com/sun/xml/bind/jaxb-impl/2.3.3/jaxb-impl-2.3.3.jar:/Users/hail/.m2/repository/org/slf4j/slf4j-api/2.0.0-alpha1/slf4j-api-2.0.0-alpha1.jar:/Users/hail/.m2/repository/org/slf4j/slf4j-log4j12/2.0.0-alpha1/slf4j-log4j12-2.0.0-alpha1.jar:/Users/hail/.m2/repository/log4j/log4j/1.2.17/log4j-1.2.17.jar:/Users/hail/.m2/repository/org/apache/logging/log4j/log4j-core/2.14.1/log4j-core-2.14.1.jar:/Users/hail/.m2/repository/org/apache/logging/log4j/log4j-api/2.14.1/log4j-api-2.14.1.jar:/Users/hail/.m2/repository/org/seleniumhq/selenium/selenium-java/3.141.59/selenium-java-3.141.59.jar:/Users/hail/.m2/repository/org/seleniumhq/selenium/selenium-api/3.141.59/selenium-api-3.141.59.jar:/Users/hail/.m2/repository/org/seleniumhq/selenium/selenium-chrome-driver/3.141.59/selenium-chrome-driver-3.141.59.jar:/Users/hail/.m2/repository/org/seleniumhq/selenium/selenium-edge-driver/3.141.59/selenium-edge-driver-3.141.59.jar:/Users/hail/.m2/repository/org/seleniumhq/selenium/selenium-firefox-driver/3.141.59/selenium-firefox-driver-3.141.59.jar:/Users/hail/.m2/repository/org/seleniumhq/selenium/selenium-ie-driver/3.141.59/selenium-ie-driver-3.141.59.jar:/Users/hail/.m2/repository/org/seleniumhq/selenium/selenium-opera-driver/3.141.59/selenium-opera-driver-3.141.59.jar:/Users/hail/.m2/repository/org/seleniumhq/selenium/selenium-remote-driver/3.141.59/selenium-remote-driver-3.141.59.jar:/Users/hail/.m2/repository/org/seleniumhq/selenium/selenium-safari-driver/3.141.59/selenium-safari-driver-3.141.59.jar:/Users/hail/.m2/repository/org/seleniumhq/selenium/selenium-support/3.141.59/selenium-support-3.141.59.jar:/Users/hail/.m2/repository/net/bytebuddy/byte-buddy/1.8.15/byte-buddy-1.8.15.jar:/Users/hail/.m2/repository/org/apache/commons/commons-exec/1.3/commons-exec-1.3.jar:/Users/hail/.m2/repository/com/google/guava/guava/25.0-jre/guava-25.0-jre.jar:/Users/hail/.m2/repository/com/google/code/findbugs/jsr305/1.3.9/jsr305-1.3.9.jar:/Users/hail/.m2/repository/org/checkerframework/checker-compat-qual/2.0.0/checker-compat-qual-2.0.0.jar:/Users/hail/.m2/repository/com/google/errorprone/error_prone_annotations/2.1.3/error_prone_annotations-2.1.3.jar:/Users/hail/.m2/repository/com/google/j2objc/j2objc-annotations/1.1/j2objc-annotations-1.1.jar:/Users/hail/.m2/repository/org/codehaus/mojo/animal-sniffer-annotations/1.14/animal-sniffer-annotations-1.14.jar:/Users/hail/.m2/repository/com/squareup/okhttp3/okhttp/3.11.0/okhttp-3.11.0.jar:/Users/hail/.m2/repository/com/squareup/okio/okio/1.14.0/okio-1.14.0.jar:/Users/hail/.m2/repository/org/junit/jupiter/junit-jupiter-api/5.7.1/junit-jupiter-api-5.7.1.jar:/Users/hail/.m2/repository/org/apiguardian/apiguardian-api/1.1.0/apiguardian-api-1.1.0.jar:/Users/hail/.m2/repository/org/opentest4j/opentest4j/1.2.0/opentest4j-1.2.0.jar:/Users/hail/.m2/repository/org/junit/platform/junit-platform-commons/1.7.1/junit-platform-commons-1.7.1.jar:/Users/hail/.m2/repository/org/junit/jupiter/junit-jupiter-engine/5.7.1/junit-jupiter-engine-5.7.1.jar:/Users/hail/.m2/repository/org/junit/platform/junit-platform-engine/1.7.1/junit-platform-engine-1.7.1.jar:/Users/hail/.m2/repository/org/junit/jupiter/junit-jupiter-params/5.7.1/junit-jupiter-params-5.7.1.jar:/Users/hail/.m2/repository/org/junit/vintage/junit-vintage-engine/5.7.1/junit-vintage-engine-5.7.1.jar:/Users/hail/.m2/repository/junit/junit/4.13/junit-4.13.jar:/Users/hail/.m2/repository/org/hamcrest/hamcrest-core/1.3/hamcrest-core-1.3.jar:/Users/hail/.m2/repository/mysql/mysql-connector-java/8.0.23/mysql-connector-java-8.0.23.jar:/Users/hail/.m2/repository/com/google/protobuf/protobuf-java/3.11.4/protobuf-java-3.11.4.jar:/Users/hail/.m2/repository/org/projectlombok/lombok/1.18.16/lombok-1.18.16.jar:/Users/hail/.m2/repository/com/google/code/gson/gson/2.8.6/gson-2.8.6.jar:/Users/hail/.m2/repository/com/fasterxml/jackson/core/jackson-databind/2.12.2/jackson-databind-2.12.2.jar:/Users/hail/.m2/repository/com/fasterxml/jackson/core/jackson-annotations/2.12.2/jackson-annotations-2.12.2.jar:/Users/hail/.m2/repository/com/fasterxml/jackson/core/jackson-core/2.12.2/jackson-core-2.12.2.jar:"/>
    <property name="java.vm.vendor" value="Oracle Corporation"/>
    <property name="sun.arch.data.model" value="64"/>
    <property name="java.vendor.url" value="https://java.oracle.com/"/>
    <property name="os.name" value="Mac OS X"/>
    <property name="java.vm.specification.version" value="16"/>
    <property name="sun.java.launcher" value="SUN_STANDARD"/>
    <property name="user.country" value="UA"/>
    <property name="sun.boot.library.path" value="/Users/hail/Library/Java/JavaVirtualMachines/openjdk-16/Contents/Home/lib"/>
    <property name="sun.java.command" value="/Users/hail/Documents/StatysTech/AQA_FRAMEWORK/target/surefire/surefirebooter17784856351741639491.jar /Users/hail/Documents/StatysTech/AQA_FRAMEWORK/target/surefire 2021-04-19T17-37-40_542-jvmRun1 surefire6725961771079570291tmp surefire_05493568323281225371tmp"/>
    <property name="http.nonProxyHosts" value="local|*.local|169.254/16|*.169.254/16"/>
    <property name="jdk.debug" value="release"/>
    <property name="test" value="DbTest"/>
    <property name="surefire.test.class.path" value="/Users/hail/Documents/StatysTech/AQA_FRAMEWORK/target/test-classes:/Users/hail/Documents/StatysTech/AQA_FRAMEWORK/target/classes:/Users/hail/.m2/repository/software/amazon/awssdk/ec2/2.16.28/ec2-2.16.28.jar:/Users/hail/.m2/repository/software/amazon/awssdk/aws-query-protocol/2.16.28/aws-query-protocol-2.16.28.jar:/Users/hail/.m2/repository/software/amazon/awssdk/protocol-core/2.16.28/protocol-core-2.16.28.jar:/Users/hail/.m2/repository/software/amazon/awssdk/sdk-core/2.16.28/sdk-core-2.16.28.jar:/Users/hail/.m2/repository/org/reactivestreams/reactive-streams/1.0.2/reactive-streams-1.0.2.jar:/Users/hail/.m2/repository/software/amazon/awssdk/auth/2.16.28/auth-2.16.28.jar:/Users/hail/.m2/repository/software/amazon/eventstream/eventstream/1.0.1/eventstream-1.0.1.jar:/Users/hail/.m2/repository/software/amazon/awssdk/http-client-spi/2.16.28/http-client-spi-2.16.28.jar:/Users/hail/.m2/repository/software/amazon/awssdk/regions/2.16.28/regions-2.16.28.jar:/Users/hail/.m2/repository/software/amazon/awssdk/annotations/2.16.28/annotations-2.16.28.jar:/Users/hail/.m2/repository/software/amazon/awssdk/utils/2.16.28/utils-2.16.28.jar:/Users/hail/.m2/repository/software/amazon/awssdk/aws-core/2.16.28/aws-core-2.16.28.jar:/Users/hail/.m2/repository/software/amazon/awssdk/metrics-spi/2.16.28/metrics-spi-2.16.28.jar:/Users/hail/.m2/repository/software/amazon/awssdk/apache-client/2.16.28/apache-client-2.16.28.jar:/Users/hail/.m2/repository/org/apache/httpcomponents/httpcore/4.4.11/httpcore-4.4.11.jar:/Users/hail/.m2/repository/software/amazon/awssdk/netty-nio-client/2.16.28/netty-nio-client-2.16.28.jar:/Users/hail/.m2/repository/io/netty/netty-codec-http/4.1.60.Final/netty-codec-http-4.1.60.Final.jar:/Users/hail/.m2/repository/io/netty/netty-codec-http2/4.1.60.Final/netty-codec-http2-4.1.60.Final.jar:/Users/hail/.m2/repository/io/netty/netty-codec/4.1.60.Final/netty-codec-4.1.60.Final.jar:/Users/hail/.m2/repository/io/netty/netty-transport/4.1.60.Final/netty-transport-4.1.60.Final.jar:/Users/hail/.m2/repository/io/netty/netty-resolver/4.1.60.Final/netty-resolver-4.1.60.Final.jar:/Users/hail/.m2/repository/io/netty/netty-common/4.1.60.Final/netty-common-4.1.60.Final.jar:/Users/hail/.m2/repository/io/netty/netty-buffer/4.1.60.Final/netty-buffer-4.1.60.Final.jar:/Users/hail/.m2/repository/io/netty/netty-handler/4.1.60.Final/netty-handler-4.1.60.Final.jar:/Users/hail/.m2/repository/io/netty/netty-transport-native-epoll/4.1.60.Final/netty-transport-native-epoll-4.1.60.Final-linux-x86_64.jar:/Users/hail/.m2/repository/io/netty/netty-transport-native-unix-common/4.1.60.Final/netty-transport-native-unix-common-4.1.60.Final.jar:/Users/hail/.m2/repository/com/typesafe/netty/netty-reactive-streams-http/2.0.4/netty-reactive-streams-http-2.0.4.jar:/Users/hail/.m2/repository/com/typesafe/netty/netty-reactive-streams/2.0.4/netty-reactive-streams-2.0.4.jar:/Users/hail/.m2/repository/software/amazon/awssdk/s3/2.16.28/s3-2.16.28.jar:/Users/hail/.m2/repository/software/amazon/awssdk/aws-xml-protocol/2.16.28/aws-xml-protocol-2.16.28.jar:/Users/hail/.m2/repository/software/amazon/awssdk/arns/2.16.28/arns-2.16.28.jar:/Users/hail/.m2/repository/software/amazon/awssdk/profiles/2.16.28/profiles-2.16.28.jar:/Users/hail/.m2/repository/io/rest-assured/rest-assured/4.3.3/rest-assured-4.3.3.jar:/Users/hail/.m2/repository/org/codehaus/groovy/groovy/3.0.7/groovy-3.0.7.jar:/Users/hail/.m2/repository/org/codehaus/groovy/groovy-xml/3.0.7/groovy-xml-3.0.7.jar:/Users/hail/.m2/repository/org/apache/httpcomponents/httpclient/4.5.3/httpclient-4.5.3.jar:/Users/hail/.m2/repository/commons-logging/commons-logging/1.2/commons-logging-1.2.jar:/Users/hail/.m2/repository/commons-codec/commons-codec/1.9/commons-codec-1.9.jar:/Users/hail/.m2/repository/org/apache/httpcomponents/httpmime/4.5.3/httpmime-4.5.3.jar:/Users/hail/.m2/repository/org/hamcrest/hamcrest/2.1/hamcrest-2.1.jar:/Users/hail/.m2/repository/org/ccil/cowan/tagsoup/tagsoup/1.2.1/tagsoup-1.2.1.jar:/Users/hail/.m2/repository/io/rest-assured/json-path/4.3.3/json-path-4.3.3.jar:/Users/hail/.m2/repository/org/codehaus/groovy/groovy-json/3.0.7/groovy-json-3.0.7.jar:/Users/hail/.m2/repository/io/rest-assured/rest-assured-common/4.3.3/rest-assured-common-4.3.3.jar:/Users/hail/.m2/repository/io/rest-assured/xml-path/4.3.3/xml-path-4.3.3.jar:/Users/hail/.m2/repository/org/apache/commons/commons-lang3/3.11/commons-lang3-3.11.jar:/Users/hail/.m2/repository/jakarta/xml/bind/jakarta.xml.bind-api/2.3.3/jakarta.xml.bind-api-2.3.3.jar:/Users/hail/.m2/repository/jakarta/activation/jakarta.activation-api/1.2.2/jakarta.activation-api-1.2.2.jar:/Users/hail/.m2/repository/com/sun/xml/bind/jaxb-impl/2.3.3/jaxb-impl-2.3.3.jar:/Users/hail/.m2/repository/org/slf4j/slf4j-api/2.0.0-alpha1/slf4j-api-2.0.0-alpha1.jar:/Users/hail/.m2/repository/org/slf4j/slf4j-log4j12/2.0.0-alpha1/slf4j-log4j12-2.0.0-alpha1.jar:/Users/hail/.m2/repository/log4j/log4j/1.2.17/log4j-1.2.17.jar:/Users/hail/.m2/repository/org/apache/logging/log4j/log4j-core/2.14.1/log4j-core-2.14.1.jar:/Users/hail/.m2/repository/org/apache/logging/log4j/log4j-api/2.14.1/log4j-api-2.14.1.jar:/Users/hail/.m2/repository/org/seleniumhq/selenium/selenium-java/3.141.59/selenium-java-3.141.59.jar:/Users/hail/.m2/repository/org/seleniumhq/selenium/selenium-api/3.141.59/selenium-api-3.141.59.jar:/Users/hail/.m2/repository/org/seleniumhq/selenium/selenium-chrome-driver/3.141.59/selenium-chrome-driver-3.141.59.jar:/Users/hail/.m2/repository/org/seleniumhq/selenium/selenium-edge-driver/3.141.59/selenium-edge-driver-3.141.59.jar:/Users/hail/.m2/repository/org/seleniumhq/selenium/selenium-firefox-driver/3.141.59/selenium-firefox-driver-3.141.59.jar:/Users/hail/.m2/repository/org/seleniumhq/selenium/selenium-ie-driver/3.141.59/selenium-ie-driver-3.141.59.jar:/Users/hail/.m2/repository/org/seleniumhq/selenium/selenium-opera-driver/3.141.59/selenium-opera-driver-3.141.59.jar:/Users/hail/.m2/repository/org/seleniumhq/selenium/selenium-remote-driver/3.141.59/selenium-remote-driver-3.141.59.jar:/Users/hail/.m2/repository/org/seleniumhq/selenium/selenium-safari-driver/3.141.59/selenium-safari-driver-3.141.59.jar:/Users/hail/.m2/repository/org/seleniumhq/selenium/selenium-support/3.141.59/selenium-support-3.141.59.jar:/Users/hail/.m2/repository/net/bytebuddy/byte-buddy/1.8.15/byte-buddy-1.8.15.jar:/Users/hail/.m2/repository/org/apache/commons/commons-exec/1.3/commons-exec-1.3.jar:/Users/hail/.m2/repository/com/google/guava/guava/25.0-jre/guava-25.0-jre.jar:/Users/hail/.m2/repository/com/google/code/findbugs/jsr305/1.3.9/jsr305-1.3.9.jar:/Users/hail/.m2/repository/org/checkerframework/checker-compat-qual/2.0.0/checker-compat-qual-2.0.0.jar:/Users/hail/.m2/repository/com/google/errorprone/error_prone_annotations/2.1.3/error_prone_annotations-2.1.3.jar:/Users/hail/.m2/repository/com/google/j2objc/j2objc-annotations/1.1/j2objc-annotations-1.1.jar:/Users/hail/.m2/repository/org/codehaus/mojo/animal-sniffer-annotations/1.14/animal-sniffer-annotations-1.14.jar:/Users/hail/.m2/repository/com/squareup/okhttp3/okhttp/3.11.0/okhttp-3.11.0.jar:/Users/hail/.m2/repository/com/squareup/okio/okio/1.14.0/okio-1.14.0.jar:/Users/hail/.m2/repository/org/junit/jupiter/junit-jupiter-api/5.7.1/junit-jupiter-api-5.7.1.jar:/Users/hail/.m2/repository/org/apiguardian/apiguardian-api/1.1.0/apiguardian-api-1.1.0.jar:/Users/hail/.m2/repository/org/opentest4j/opentest4j/1.2.0/opentest4j-1.2.0.jar:/Users/hail/.m2/repository/org/junit/platform/junit-platform-commons/1.7.1/junit-platform-commons-1.7.1.jar:/Users/hail/.m2/repository/org/junit/jupiter/junit-jupiter-engine/5.7.1/junit-jupiter-engine-5.7.1.jar:/Users/hail/.m2/repository/org/junit/platform/junit-platform-engine/1.7.1/junit-platform-engine-1.7.1.jar:/Users/hail/.m2/repository/org/junit/jupiter/junit-jupiter-params/5.7.1/junit-jupiter-params-5.7.1.jar:/Users/hail/.m2/repository/org/junit/vintage/junit-vintage-engine/5.7.1/junit-vintage-engine-5.7.1.jar:/Users/hail/.m2/repository/junit/junit/4.13/junit-4.13.jar:/Users/hail/.m2/repository/org/hamcrest/hamcrest-core/1.3/hamcrest-core-1.3.jar:/Users/hail/.m2/repository/mysql/mysql-connector-java/8.0.23/mysql-connector-java-8.0.23.jar:/Users/hail/.m2/repository/com/google/protobuf/protobuf-java/3.11.4/protobuf-java-3.11.4.jar:/Users/hail/.m2/repository/org/projectlombok/lombok/1.18.16/lombok-1.18.16.jar:/Users/hail/.m2/repository/com/google/code/gson/gson/2.8.6/gson-2.8.6.jar:/Users/hail/.m2/repository/com/fasterxml/jackson/core/jackson-databind/2.12.2/jackson-databind-2.12.2.jar:/Users/hail/.m2/repository/com/fasterxml/jackson/core/jackson-annotations/2.12.2/jackson-annotations-2.12.2.jar:/Users/hail/.m2/repository/com/fasterxml/jackson/core/jackson-core/2.12.2/jackson-core-2.12.2.jar:"/>
    <property name="sun.cpu.endian" value="little"/>
    <property name="user.home" value="/Users/hail"/>
    <property name="user.language" value="ru"/>
    <property name="java.specification.vendor" value="Oracle Corporation"/>
    <property name="java.version.date" value="2021-03-16"/>
    <property name="java.home" value="/Users/hail/Library/Java/JavaVirtualMachines/openjdk-16/Contents/Home"/>
    <property name="file.separator" value="/"/>
    <property name="basedir" value="/Users/hail/Documents/StatysTech/AQA_FRAMEWORK"/>
    <property name="java.vm.compressedOopsMode" value="Zero based"/>
    <property name="line.separator" value="&#10;"/>
    <property name="java.specification.name" value="Java Platform API Specification"/>
    <property name="java.vm.specification.vendor" value="Oracle Corporation"/>
    <property name="surefire.real.class.path" value="/Users/hail/Documents/StatysTech/AQA_FRAMEWORK/target/surefire/surefirebooter17784856351741639491.jar"/>
    <property name="sun.management.compiler" value="HotSpot 64-Bit Tiered Compilers"/>
    <property name="ftp.nonProxyHosts" value="local|*.local|169.254/16|*.169.254/16"/>
    <property name="java.runtime.version" value="16+36-2231"/>
    <property name="java.net.preferIPv4Stack" value="true"/>
    <property name="user.name" value="hail"/>
    <property name="path.separator" value=":"/>
    <property name="os.version" value="10.16"/>
    <property name="java.runtime.name" value="OpenJDK Runtime Environment"/>
    <property name="file.encoding" value="UTF-8"/>
    <property name="java.vm.name" value="OpenJDK 64-Bit Server VM"/>
    <property name="localRepository" value="/Users/hail/.m2/repository"/>
    <property name="java.vendor.url.bug" value="https://bugreport.java.com/bugreport/"/>
    <property name="java.io.tmpdir" value="/var/folders/rq/6gj4dtwn23bgslpq0mtk7cx80000gn/T/"/>
    <property name="java.version" value="16"/>
    <property name="user.dir" value="/Users/hail/Documents/StatysTech/AQA_FRAMEWORK"/>
    <property name="os.arch" value="x86_64"/>
    <property name="java.vm.specification.name" value="Java Virtual Machine Specification"/>
    <property name="java.library.path" value="/Users/hail/Library/Java/Extensions:/Library/Java/Extensions:/Network/Library/Java/Extensions:/System/Library/Java/Extensions:/usr/lib/java:."/>
    <property name="java.vm.info" value="mixed mode, sharing"/>
    <property name="java.vendor" value="Oracle Corporation"/>
    <property name="java.vm.version" value="16+36-2231"/>
    <property name="sun.io.unicode.encoding" value="UnicodeBig"/>
    <property name="socksNonProxyHosts" value="local|*.local|169.254/16|*.169.254/16"/>
    <property name="java.class.version" value="60.0"/>
  </properties>
  <testcase name="orderStatusCheck{String}[1]" classname="tests.DB.DbTest" time="15.489"/>
</testsuite>